<?xml version="1.0" encoding="UTF-8"?>
<testsuite name="BrandTest" tests="4" skipped="0" failures="0" errors="0" timestamp="2015-09-04T01:17:24" hostname="epicodus-111.local" time="0.141">
  <properties/>
  <testcase name="equals_returnsTrueIfNamesAretheSame" classname="BrandTest" time="0.078"/>
  <testcase name="all_emptyAtFirst" classname="BrandTest" time="0.031"/>
  <testcase name="save_savesIntoDatabase_true" classname="BrandTest" time="0.017"/>
  <testcase name="find_findBrandInDatabase_true" classname="BrandTest" time="0.015"/>
  <system-out><![CDATA[]]></system-out>
  <system-err><![CDATA[]]></system-err>
</testsuite>
