<?xml version="1.0" encoding="UTF-8"?>
<testsuite name="StoreTest" tests="7" skipped="0" failures="0" errors="0" timestamp="2015-09-04T20:24:17" hostname="epicodus-111.local" time="0.085">
  <properties/>
  <testcase name="delete_checkThatDeletesFromDatabase_false" classname="StoreTest" time="0.021"/>
  <testcase name="find_findStoretInDatabase_true" classname="StoreTest" time="0.013"/>
  <testcase name="update_updatesInformationForAnObject" classname="StoreTest" time="0.016"/>
  <testcase name="all_emptyAtFirst" classname="StoreTest" time="0.008"/>
  <testcase name="equals_returnsTrueIfTwoObjectsAreSame" classname="StoreTest" time="0.004"/>
  <testcase name="save_savesIntoDatabase_true" classname="StoreTest" time="0.012"/>
  <testcase name="all_returnsAnEmptyArrayWhenNothingInDB" classname="StoreTest" time="0.008"/>
  <system-out><![CDATA[]]></system-out>
  <system-err><![CDATA[]]></system-err>
</testsuite>
