<?xml version="1.0" encoding="UTF-8"?>
<testsuite name="BrandTest" tests="5" skipped="0" failures="0" errors="0" timestamp="2015-09-04T20:24:17" hostname="epicodus-111.local" time="0.087">
  <properties/>
  <testcase name="find_returnsObjectByID" classname="BrandTest" time="0.04"/>
  <testcase name="equals_returnsTrueIfNamesAretheSame" classname="BrandTest" time="0.005"/>
  <testcase name="all_emptyAtFirst" classname="BrandTest" time="0.01"/>
  <testcase name="save_savesIntoDatabase_true" classname="BrandTest" time="0.017"/>
  <testcase name="find_findBrandInDatabase_true" classname="BrandTest" time="0.014"/>
  <system-out><![CDATA[]]></system-out>
  <system-err><![CDATA[]]></system-err>
</testsuite>
